#
# There is insufficient memory for the Java Runtime Environment to continue.
# Native memory allocation (mmap) failed to map 134217728 bytes. Error detail: G1 virtual space
# Possible reasons:
#   The system is out of physical RAM or swap space
#   This process is running with CompressedOops enabled, and the Java Heap may be blocking the growth of the native heap
# Possible solutions:
#   Reduce memory load on the system
#   Increase physical memory or swap space
#   Check if swap backing store is full
#   Decrease Java heap size (-Xmx/-Xms)
#   Decrease number of Java threads
#   Decrease Java thread stack sizes (-Xss)
#   Set larger code cache with -XX:ReservedCodeCacheSize=
#   JVM is running with Unscaled Compressed Oops mode in which the Java heap is
#     placed in the first 4GB address space. The Java Heap base address is the
#     maximum limit for the native heap growth. Please use -XX:HeapBaseMinAddress
#     to set the Java Heap base and to place the Java Heap above 4GB virtual address.
# This output file may be truncated or incomplete.
#
#  Out of Memory Error (os_windows.cpp:3703), pid=23540, tid=14464
#
# JRE version:  (23.0.1+11) (build )
# Java VM: Java HotSpot(TM) 64-Bit Server VM (23.0.1+11-39, mixed mode, sharing, tiered, compressed oops, compressed class ptrs, g1 gc, windows-amd64)
# No core dump will be written. Minidumps are not enabled by default on client versions of Windows
#

---------------  S U M M A R Y ------------

Command Line: -Dfile.encoding=UTF-8 --module-path=C:\Users\Admin\Documents\NetBeansProjects\bank management system\build\classes bank.management.system.SignupOne

Host: Intel(R) Core(TM) i5-5200U CPU @ 2.20GHz, 4 cores, 7G,  Windows 10 , 64 bit Build 19041 (10.0.19041.5072)
Time: Tue Dec  3 14:22:27 2024 India Standard Time elapsed time: 0.035857 seconds (0d 0h 0m 0s)

---------------  T H R E A D  ---------------

Current thread (0x000001d0421ec240):  JavaThread "Unknown thread" [_thread_in_vm, id=14464, stack(0x00000054d1c00000,0x00000054d1d00000) (1024K)]

Stack: [0x00000054d1c00000,0x00000054d1d00000]
Native frames: (J=compiled Java code, j=interpreted, Vv=VM code, C=native code)
V  [jvm.dll+0x6e08b9]  (no source info available)
V  [jvm.dll+0x87dc83]  (no source info available)
V  [jvm.dll+0x88010e]  (no source info available)
V  [jvm.dll+0x8807e3]  (no source info available)
V  [jvm.dll+0x27aee6]  (no source info available)
V  [jvm.dll+0x6dd1c5]  (no source info available)
V  [jvm.dll+0x6d104a]  (no source info available)
V  [jvm.dll+0x35b3ea]  (no source info available)
V  [jvm.dll+0x3637f6]  (no source info available)
V  [jvm.dll+0x34fd5e]  (no source info available)
V  [jvm.dll+0x34fff8]  (no source info available)
V  [jvm.dll+0x3289cc]  (no source info available)
V  [jvm.dll+0x32966e]  (no source info available)
V  [jvm.dll+0x844355]  (no source info available)
V  [jvm.dll+0x3b9848]  (no source info available)
V  [jvm.dll+0x82d14c]  (no source info available)
V  [jvm.dll+0x454d4e]  (no source info available)
V  [jvm.dll+0x456bd1]  (no source info available)
C  [jli.dll+0x52a3]  (no source info available)
C  [ucrtbase.dll+0x21bb2]  (no source info available)
C  [KERNEL32.DLL+0x17374]  (no source info available)
C  [ntdll.dll+0x4cc91]  (no source info available)

Lock stack of current Java thread (top to bottom):


---------------  P R O C E S S  ---------------

Threads class SMR info:
_java_thread_list=0x00007ffd101b3618, length=0, elements={
}

Java Threads: ( => current thread )
Total: 0

Other Threads:
  0x000001d044504470 WorkerThread "GC Thread#0"                     [id=21428, stack(0x00000054d1d00000,0x00000054d1e00000) (1024K)]
  0x000001d0445191f0 ConcurrentGCThread "G1 Main Marker"            [id=20916, stack(0x00000054d1e00000,0x00000054d1f00000) (1024K)]
  0x000001d044519eb0 WorkerThread "G1 Conc#0"                       [id=21836, stack(0x00000054d1f00000,0x00000054d2000000) (1024K)]

[error occurred during error reporting (printing all threads), id 0xc0000005, EXCEPTION_ACCESS_VIOLATION (0xc0000005) at pc=0x00007ffd0f8fbfba]
VM state: not at safepoint (not fully initialized)

VM Mutex/Monitor currently owned by a thread:  ([mutex/lock_event])
[0x00007ffd10233a10] Heap_lock - owner thread: 0x000001d0421ec240

Heap address: 0x0000000081200000, size: 2030 MB, Compressed Oops mode: 32-bit

CDS archive(s) mapped at: [0x0000000000000000-0x0000000000000000-0x0000000000000000), size 0, SharedBaseAddress: 0x0000000800000000, ArchiveRelocationMode: 1.
Narrow klass base: 0x0000000000000000, Narrow klass shift: 0, Narrow klass range: 0x0

GC Precious Log:
 CardTable entry size: 512
 Card Set container configuration: InlinePtr #cards 5 size 8 Array Of Cards #cards 10 size 36 Howl #buckets 4 coarsen threshold 1843 Howl Bitmap #cards 512 size 80 coarsen threshold 460 Card regions per heap region 1 cards per card region 2048

Heap:
 garbage-first heap   total reserved 2078720K, committed 0K, used 0K [0x0000000081200000, 0x0000000100000000)
  region size 1024K, 0 young (0K), 0 survivors (0K)

[error occurred during error reporting (printing heap information), id 0xc0000005, EXCEPTION_ACCESS_VIOLATION (0xc0000005) at pc=0x00007ffd0fcfc3c9]
GC Heap History (0 events):
No events

Dll operation events (1 events):
Event: 0.012 Loaded shared library C:\Program Files\Java\jdk-23\bin\java.dll

Deoptimization events (0 events):
No events

Classes loaded (0 events):
No events

Classes unloaded (0 events):
No events

Classes redefined (0 events):
No events

Internal exceptions (0 events):
No events

VM Operations (0 events):
No events

Memory protections (0 events):
No events

Nmethod flushes (0 events):
No events

Events (0 events):
No events


Dynamic libraries:
0x00007ff61c2c0000 - 0x00007ff61c2d0000 	C:\Program Files\Java\jdk-23\bin\java.exe
0x00007ffd76110000 - 0x00007ffd76308000 	C:\Windows\SYSTEM32\ntdll.dll
0x00007ffd74b00000 - 0x00007ffd74bc2000 	C:\Windows\System32\KERNEL32.DLL
0x00007ffd73bb0000 - 0x00007ffd73eae000 	C:\Windows\System32\KERNELBASE.dll
0x00007ffd737b0000 - 0x00007ffd738b0000 	C:\Windows\System32\ucrtbase.dll
0x00007ffd6f000000 - 0x00007ffd6f01b000 	C:\Program Files\Java\jdk-23\bin\VCRUNTIME140.dll
0x00007ffd6d780000 - 0x00007ffd6d797000 	C:\Program Files\Java\jdk-23\bin\jli.dll
0x00007ffd75f00000 - 0x00007ffd7609d000 	C:\Windows\System32\USER32.dll
0x00007ffd73eb0000 - 0x00007ffd73ed2000 	C:\Windows\System32\win32u.dll
0x00007ffd66e20000 - 0x00007ffd670ba000 	C:\Windows\WinSxS\amd64_microsoft.windows.common-controls_6595b64144ccf1df_6.0.19041.4355_none_60b8b9eb71f62e16\COMCTL32.dll
0x00007ffd75130000 - 0x00007ffd7515b000 	C:\Windows\System32\GDI32.dll
0x00007ffd75b90000 - 0x00007ffd75c2e000 	C:\Windows\System32\msvcrt.dll
0x00007ffd73a90000 - 0x00007ffd73ba7000 	C:\Windows\System32\gdi32full.dll
0x00007ffd73f70000 - 0x00007ffd7400d000 	C:\Windows\System32\msvcp_win.dll
0x00007ffd760a0000 - 0x00007ffd760cf000 	C:\Windows\System32\IMM32.DLL
0x00007ffd701e0000 - 0x00007ffd701ec000 	C:\Program Files\Java\jdk-23\bin\vcruntime140_1.dll
0x00007ffd61260000 - 0x00007ffd612ee000 	C:\Program Files\Java\jdk-23\bin\msvcp140.dll
0x00007ffd0f5c0000 - 0x00007ffd1030f000 	C:\Program Files\Java\jdk-23\bin\server\jvm.dll
0x00007ffd74bd0000 - 0x00007ffd74c81000 	C:\Windows\System32\ADVAPI32.dll
0x00007ffd742f0000 - 0x00007ffd7438f000 	C:\Windows\System32\sechost.dll
0x00007ffd75720000 - 0x00007ffd75843000 	C:\Windows\System32\RPCRT4.dll
0x00007ffd73a60000 - 0x00007ffd73a87000 	C:\Windows\System32\bcrypt.dll
0x00007ffd75b20000 - 0x00007ffd75b8b000 	C:\Windows\System32\WS2_32.dll
0x00007ffd72cf0000 - 0x00007ffd72d3b000 	C:\Windows\SYSTEM32\POWRPROF.dll
0x00007ffd676b0000 - 0x00007ffd676d7000 	C:\Windows\SYSTEM32\WINMM.dll
0x00007ffd72560000 - 0x00007ffd7256a000 	C:\Windows\SYSTEM32\VERSION.dll
0x00007ffd72bb0000 - 0x00007ffd72bc2000 	C:\Windows\SYSTEM32\UMPDC.dll
0x00007ffd72520000 - 0x00007ffd72532000 	C:\Windows\SYSTEM32\kernel.appcore.dll
0x00007ffd6dda0000 - 0x00007ffd6ddaa000 	C:\Program Files\Java\jdk-23\bin\jimage.dll
0x00007ffd6a700000 - 0x00007ffd6a8e4000 	C:\Windows\SYSTEM32\DBGHELP.DLL
0x00007ffd6b360000 - 0x00007ffd6b394000 	C:\Windows\SYSTEM32\dbgcore.DLL
0x00007ffd73ee0000 - 0x00007ffd73f62000 	C:\Windows\System32\bcryptPrimitives.dll
0x00007ffd6d750000 - 0x00007ffd6d76e000 	C:\Program Files\Java\jdk-23\bin\java.dll
0x00007ffd74ff0000 - 0x00007ffd7511b000 	C:\Windows\System32\ole32.dll
0x00007ffd74c90000 - 0x00007ffd74fe3000 	C:\Windows\System32\combase.dll
0x00007ffd74390000 - 0x00007ffd74afd000 	C:\Windows\System32\SHELL32.dll

dbghelp: loaded successfully - version: 4.0.5 - missing functions: none
symbol engine: initialized successfully - sym options: 0x614 - pdb path: .;C:\Program Files\Java\jdk-23\bin;C:\Windows\SYSTEM32;C:\Windows\WinSxS\amd64_microsoft.windows.common-controls_6595b64144ccf1df_6.0.19041.4355_none_60b8b9eb71f62e16;C:\Program Files\Java\jdk-23\bin\server

VM Arguments:
jvm_args: -Dfile.encoding=UTF-8 --module-path=C:\Users\Admin\Documents\NetBeansProjects\bank management system\build\classes 
java_command: bank.management.system.SignupOne
java_class_path (initial): D:\Program Files (x86)\Java\jre1.8.0_321;C:\Users\Admin\Desktop\jcalendar-tz-1.3.3-4.jar;C:\Users\Admin\Documents\NetBeansProjects\bank management system\build\classes
Launcher Type: SUN_STANDARD

[Global flags]
     intx CICompilerCount                          = 3                                         {product} {ergonomic}
     uint ConcGCThreads                            = 1                                         {product} {ergonomic}
     uint G1ConcRefinementThreads                  = 4                                         {product} {ergonomic}
   size_t G1HeapRegionSize                         = 1048576                                   {product} {ergonomic}
   size_t InitialHeapSize                          = 134217728                                 {product} {ergonomic}
   size_t MarkStackSize                            = 4194304                                   {product} {ergonomic}
   size_t MarkStackSizeMax                         = 536870912                                 {product} {ergonomic}
   size_t MaxHeapSize                              = 2128609280                                {product} {ergonomic}
   size_t MinHeapDeltaBytes                        = 1048576                                   {product} {ergonomic}
   size_t MinHeapSize                              = 8388608                                   {product} {ergonomic}
    uintx NonNMethodCodeHeapSize                   = 5832704                                {pd product} {ergonomic}
    uintx NonProfiledCodeHeapSize                  = 122945536                              {pd product} {ergonomic}
    uintx ProfiledCodeHeapSize                     = 122880000                              {pd product} {ergonomic}
    uintx ReservedCodeCacheSize                    = 251658240                              {pd product} {ergonomic}
     bool SegmentedCodeCache                       = true                                      {product} {ergonomic}
   size_t SoftMaxHeapSize                          = 2128609280                             {manageable} {ergonomic}
     bool UseCompressedOops                        = true                           {product lp64_product} {ergonomic}
     bool UseG1GC                                  = true                                      {product} {ergonomic}
     bool UseLargePagesIndividualAllocation        = false                                  {pd product} {ergonomic}

Logging:
Log output configuration:
 #0: stdout all=warning uptime,level,tags foldmultilines=false
 #1: stderr all=off uptime,level,tags foldmultilines=false

Environment Variables:
PATH=C:\Program Files\Common Files\Oracle\Java\javapath;C:\OracleApp\WINDOWS.X64_193000_db_home\bin;C:\Windows\system32;C:\Windows;C:\Windows\System32\Wbem;C:\Windows\System32\WindowsPowerShell\v1.0\;C:\Windows\System32\OpenSSH\;C:\Program Files\dotnet\;C:\Program Files\nodejs\;C:\ProgramData\chocolatey\bin;C:\Program Files\Git\cmd;C:\flutter\bin;C:\Program Files\MySQL\MySQL Shell 8.0\bin\;C:\Users\Admin\AppData\Local\Programs\Python\Python312\Scripts\;C:\Users\Admin\AppData\Local\Programs\Python\Python312\;C:\Python312\Scripts\;C:\Python312\;C:\Windows\system32;C:\Windows;C:\Windows\System32\Wbem;C:\Windows\System32\WindowsPowerShell\v1.0\;C:\Windows\System32\OpenSSH\;C:\Program Files\dotnet\;C:\Program Files\nodejs\;C:\ProgramData\chocolatey\bin;C:\Users\Admin\AppData\Local\Microsoft\WindowsApps;C:\Users\Admin\.dotnet\tools;C:\Program Files\MySQL\MySQL Server 8.0\bin;;C:\Users\Admin\AppData\Local\Programs\Microsoft VS Code\bin;C:\Users\Admin\AppData\Roaming\npm;C:\PythonXX\Scripts;C:\Program Files\JetBrains\PyCharm Community Edition 2024.1\bin;
USERNAME=Admin
OS=Windows_NT
PROCESSOR_IDENTIFIER=Intel64 Family 6 Model 61 Stepping 4, GenuineIntel
TMP=C:\Users\Admin\AppData\Local\Temp
TEMP=C:\Users\Admin\AppData\Local\Temp




Periodic native trim disabled

---------------  S Y S T E M  ---------------

OS:
 Windows 10 , 64 bit Build 19041 (10.0.19041.5072)
OS uptime: 4 days 17:28 hours

CPU: total 4 (initial active 4) (2 cores per cpu, 2 threads per core) family 6 model 61 stepping 4 microcode 0x2d, cx8, cmov, fxsr, ht, mmx, 3dnowpref, sse, sse2, sse3, ssse3, sse4.1, sse4.2, popcnt, lzcnt, tsc, tscinvbit, avx, avx2, aes, erms, clmul, bmi1, bmi2, adx, fma, vzeroupper, clflush, rdtscp, f16c
Processor Information for the first 4 processors :
  Max Mhz: 2201, Current Mhz: 2200, Mhz Limit: 2178

Memory: 4k page, system-wide physical 8114M (1034M free)
TotalPageFile size 23474M (AvailPageFile size 29M)
current process WorkingSet (physical memory assigned to process): 11M, peak: 11M
current process commit charge ("private bytes"): 52M, peak: 180M

vm_info: Java HotSpot(TM) 64-Bit Server VM (23.0.1+11-39) for windows-amd64 JRE (23.0.1+11-39), built on 2024-09-30T07:20:43Z with MS VC++ 17.6 (VS2022)

END.
